c:\repooop\point-cloud-proccesing\pointcloudprocessing\debug\vc143.pdb
c:\repooop\point-cloud-proccesing\pointcloudprocessing\debug\vc143.idb
c:\repooop\point-cloud-proccesing\pointcloudprocessing\debug\transform.obj
c:\repooop\point-cloud-proccesing\pointcloudprocessing\debug\threedgridmap.obj
c:\repooop\point-cloud-proccesing\pointcloudprocessing\debug\pointtest.obj
c:\repooop\point-cloud-proccesing\pointcloudprocessing\debug\pointcloudrecorder.obj
c:\repooop\point-cloud-proccesing\pointcloudprocessing\debug\pointcloud.obj
c:\repooop\point-cloud-proccesing\pointcloudprocessing\debug\point.obj
c:\repooop\point-cloud-proccesing\pointcloudprocessing\debug\depthcameratest.obj
c:\repooop\point-cloud-proccesing\pointcloudprocessing\debug\depthcamera.obj
c:\repooop\point-cloud-proccesing\pointcloudprocessing\debug\pointcloudtest.obj
c:\repooop\point-cloud-proccesing\pointcloudprocessing\debug\main.obj
c:\repooop\point-cloud-proccesing\pointcloudprocessing\debug\transformtest.obj
c:\repooop\point-cloud-proccesing\pointcloudprocessing\debug\pointcloudgenerator.obj
c:\repooop\point-cloud-proccesing\pointcloudprocessing\debug\mapperinterface.obj
c:\repooop\point-cloud-proccesing\pointcloudprocessing\debug\map.obj
c:\repooop\point-cloud-proccesing\pointcloudprocessing\debug\pointcloudprocessing.ilk
c:\repooop\point-cloud-proccesing\debug\pointcloudprocessing.exe
c:\repooop\point-cloud-proccesing\debug\pointcloudprocessing.pdb
c:\repooop\point-cloud-proccesing\pointcloudprocessing\debug\vc142.idb
c:\repooop\point-cloud-proccesing\pointcloudprocessing\debug\vc142.pdb
c:\repooop\point-cloud-proccesing\pointcloudprocessing\debug\pointclo.fe9fba63.tlog\cl.command.1.tlog
c:\repooop\point-cloud-proccesing\pointcloudprocessing\debug\pointclo.fe9fba63.tlog\cl.read.1.tlog
c:\repooop\point-cloud-proccesing\pointcloudprocessing\debug\pointclo.fe9fba63.tlog\cl.write.1.tlog
c:\repooop\point-cloud-proccesing\pointcloudprocessing\debug\pointclo.fe9fba63.tlog\link.command.1.tlog
c:\repooop\point-cloud-proccesing\pointcloudprocessing\debug\pointclo.fe9fba63.tlog\link.read.1.tlog
c:\repooop\point-cloud-proccesing\pointcloudprocessing\debug\pointclo.fe9fba63.tlog\link.write.1.tlog
